# JRE version: 6.0_32-b32
# Java VM: OpenJDK Server VM (23.25-b01 mixed mode linux-x86 )
Heap
 PSYoungGen      total 8000K, used 902K [0xa4d40000, 0xa57d0000, 0xb4690000)
  eden space 7616K, 7% used [0xa4d40000,0xa4dc98f0,0xa54b0000)
  from space 384K, 91% used [0xa54d0000,0xa5528000,0xa5530000)
  to   space 1600K, 0% used [0xa5640000,0xa5640000,0xa57d0000)
 ParOldGen       total 58176K, used 53677K [0x85a90000, 0x89360000, 0xa4d40000)
  object space 58176K, 92% used [0x85a90000,0x88efb678,0x89360000)
 PSPermGen       total 48384K, used 33243K [0x7da90000, 0x809d0000, 0x85a90000)
  object space 48384K, 68% used [0x7da90000,0x7fb06c88,0x809d0000)
GC Heap History (10 events):
Event: 1087.669 GC heap before
{Heap before GC invocations=313 (full 8):
 PSYoungGen      total 10048K, used 8616K [0xa4d40000, 0xa5950000, 0xb4690000)
  eden space 8256K, 100% used [0xa4d40000,0xa5550000,0xa5550000)
  from space 1792K, 20% used [0xa5790000,0xa57ea020,0xa5950000)
  to   space 2048K, 0% used [0xa5550000,0xa5550000,0xa5750000)
 ParOldGen       total 58176K, used 53517K [0x85a90000, 0x89360000, 0xa4d40000)
  object space 58176K, 91% used [0x85a90000,0x88ed3648,0x89360000)
 PSPermGen       total 48384K, used 33242K [0x7da90000, 0x809d0000, 0x85a90000)
  object space 48384K, 68% used [0x7da90000,0x7fb06ab0,0x809d0000)
Event: 1087.673 GC heap after
Heap after GC invocations=313 (full 8):
 PSYoungGen      total 8448K, used 272K [0xa4d40000, 0xa5910000, 0xb4690000)
  eden space 8128K, 0% used [0xa4d40000,0xa4d40000,0xa5530000)
  from space 320K, 85% used [0xa5550000,0xa5594000,0xa55a0000)
  to   space 1984K, 0% used [0xa5720000,0xa5720000,0xa5910000)
 ParOldGen       total 58176K, used 53569K [0x85a90000, 0x89360000, 0xa4d40000)
  object space 58176K, 92% used [0x85a90000,0x88ee0678,0x89360000)
 PSPermGen       total 48384K, used 33242K [0x7da90000, 0x809d0000, 0x85a90000)
  object space 48384K, 68% used [0x7da90000,0x7fb06ab0,0x809d0000)
}
Event: 1090.231 GC heap before
{Heap before GC invocations=314 (full 8):
 PSYoungGen      total 8448K, used 8400K [0xa4d40000, 0xa5910000, 0xb4690000)
  eden space 8128K, 100% used [0xa4d40000,0xa5530000,0xa5530000)
  from space 320K, 85% used [0xa5550000,0xa5594000,0xa55a0000)
  to   space 1984K, 0% used [0xa5720000,0xa5720000,0xa5910000)
 ParOldGen       total 58176K, used 53569K [0x85a90000, 0x89360000, 0xa4d40000)
  object space 58176K, 92% used [0x85a90000,0x88ee0678,0x89360000)
 PSPermGen       total 48384K, used 33242K [0x7da90000, 0x809d0000, 0x85a90000)
  object space 48384K, 68% used [0x7da90000,0x7fb06b38,0x809d0000)
Event: 1090.236 GC heap after
Heap after GC invocations=314 (full 8):
 PSYoungGen      total 9600K, used 320K [0xa4d40000, 0xa58b0000, 0xb4690000)
  eden space 8000K, 0% used [0xa4d40000,0xa4d40000,0xa5510000)
  from space 1600K, 20% used [0xa5720000,0xa5770000,0xa58b0000)
  to   space 1856K, 0% used [0xa5510000,0xa5510000,0xa56e0000)
 ParOldGen       total 58176K, used 53661K [0x85a90000, 0x89360000, 0xa4d40000)
  object space 58176K, 92% used [0x85a90000,0x88ef7678,0x89360000)
 PSPermGen       total 48384K, used 33242K [0x7da90000, 0x809d0000, 0x85a90000)
  object space 48384K, 68% used [0x7da90000,0x7fb06b38,0x809d0000)
}
Event: 1092.783 GC heap before
{Heap before GC invocations=315 (full 8):
 PSYoungGen      total 9600K, used 8320K [0xa4d40000, 0xa58b0000, 0xb4690000)
  eden space 8000K, 100% used [0xa4d40000,0xa5510000,0xa5510000)
  from space 1600K, 20% used [0xa5720000,0xa5770000,0xa58b0000)
  to   space 1856K, 0% used [0xa5510000,0xa5510000,0xa56e0000)
 ParOldGen       total 58176K, used 53661K [0x85a90000, 0x89360000, 0xa4d40000)
  object space 58176K, 92% used [0x85a90000,0x88ef7678,0x89360000)
 PSPermGen       total 48384K, used 33242K [0x7da90000, 0x809d0000, 0x85a90000)
  object space 48384K, 68% used [0x7da90000,0x7fb06b38,0x809d0000)
Event: 1092.788 GC heap after
Heap after GC invocations=315 (full 8):
 PSYoungGen      total 8192K, used 320K [0xa4d40000, 0xa5870000, 0xb4690000)
  eden space 7872K, 0% used [0xa4d40000,0xa4d40000,0xa54f0000)
  from space 320K, 100% used [0xa5510000,0xa5560000,0xa5560000)
  to   space 1792K, 0% used [0xa56b0000,0xa56b0000,0xa5870000)
 ParOldGen       total 58176K, used 53677K [0x85a90000, 0x89360000, 0xa4d40000)
  object space 58176K, 92% used [0x85a90000,0x88efb678,0x89360000)
 PSPermGen       total 48384K, used 33242K [0x7da90000, 0x809d0000, 0x85a90000)
  object space 48384K, 68% used [0x7da90000,0x7fb06b38,0x809d0000)
}
Event: 1094.993 GC heap before
{Heap before GC invocations=316 (full 8):
 PSYoungGen      total 8192K, used 8192K [0xa4d40000, 0xa5870000, 0xb4690000)
  eden space 7872K, 100% used [0xa4d40000,0xa54f0000,0xa54f0000)
  from space 320K, 100% used [0xa5510000,0xa5560000,0xa5560000)
  to   space 1792K, 0% used [0xa56b0000,0xa56b0000,0xa5870000)
 ParOldGen       total 58176K, used 53677K [0x85a90000, 0x89360000, 0xa4d40000)
  object space 58176K, 92% used [0x85a90000,0x88efb678,0x89360000)
 PSPermGen       total 48384K, used 33243K [0x7da90000, 0x809d0000, 0x85a90000)
  object space 48384K, 68% used [0x7da90000,0x7fb06c88,0x809d0000)
Event: 1094.998 GC heap after
Heap after GC invocations=316 (full 8):
 PSYoungGen      total 9152K, used 304K [0xa4d40000, 0xa5810000, 0xb4690000)
  eden space 7744K, 0% used [0xa4d40000,0xa4d40000,0xa54d0000)
  from space 1408K, 21% used [0xa56b0000,0xa56fc000,0xa5810000)
  to   space 1664K, 0% used [0xa54d0000,0xa54d0000,0xa5670000)
 ParOldGen       total 58176K, used 53677K [0x85a90000, 0x89360000, 0xa4d40000)
  object space 58176K, 92% used [0x85a90000,0x88efb678,0x89360000)
 PSPermGen       total 48384K, used 33243K [0x7da90000, 0x809d0000, 0x85a90000)
  object space 48384K, 68% used [0x7da90000,0x7fb06c88,0x809d0000)
}
Event: 1097.764 GC heap before
{Heap before GC invocations=317 (full 8):
 PSYoungGen      total 9152K, used 8048K [0xa4d40000, 0xa5810000, 0xb4690000)
  eden space 7744K, 100% used [0xa4d40000,0xa54d0000,0xa54d0000)
  from space 1408K, 21% used [0xa56b0000,0xa56fc000,0xa5810000)
  to   space 1664K, 0% used [0xa54d0000,0xa54d0000,0xa5670000)
 ParOldGen       total 58176K, used 53677K [0x85a90000, 0x89360000, 0xa4d40000)
  object space 58176K, 92% used [0x85a90000,0x88efb678,0x89360000)
 PSPermGen       total 48384K, used 33243K [0x7da90000, 0x809d0000, 0x85a90000)
  object space 48384K, 68% used [0x7da90000,0x7fb06c88,0x809d0000)
Event: 1097.769 GC heap after
Heap after GC invocations=317 (full 8):
 PSYoungGen      total 8000K, used 352K [0xa4d40000, 0xa57d0000, 0xb4690000)
  eden space 7616K, 0% used [0xa4d40000,0xa4d40000,0xa54b0000)
  from space 384K, 91% used [0xa54d0000,0xa5528000,0xa5530000)
  to   space 1600K, 0% used [0xa5640000,0xa5640000,0xa57d0000)
 ParOldGen       total 58176K, used 53677K [0x85a90000, 0x89360000, 0xa4d40000)
  object space 58176K, 92% used [0x85a90000,0x88efb678,0x89360000)
 PSPermGen       total 48384K, used 33243K [0x7da90000, 0x809d0000, 0x85a90000)
  object space 48384K, 68% used [0x7da90000,0x7fb06c88,0x809d0000)
}

