# JRE version: 6.0_31-b31
# Java VM: OpenJDK Server VM (23.25-b01 mixed mode linux-x86 )
Heap
 PSYoungGen      total 15040K, used 6098K [0xa4ca0000, 0xa5ff0000, 0xb45f0000)
  eden space 11072K, 43% used [0xa4ca0000,0xa515d0b8,0xa5770000)
  from space 3968K, 31% used [0xa5c10000,0xa5d47a90,0xa5ff0000)
  to   space 4352K, 0% used [0xa5770000,0xa5770000,0xa5bb0000)
 ParOldGen       total 50304K, used 36257K [0x859f0000, 0x88b10000, 0xa4ca0000)
  object space 50304K, 72% used [0x859f0000,0x87d584b0,0x88b10000)
 PSPermGen       total 46592K, used 28227K [0x7d9f0000, 0x80770000, 0x859f0000)
  object space 46592K, 60% used [0x7d9f0000,0x7f580f28,0x80770000)
GC Heap History (10 events):
Event: 591.460 GC heap before
{Heap before GC invocations=95 (full 5):
 PSYoungGen      total 14656K, used 11904K [0xa4ca0000, 0xa6120000, 0xb45f0000)
  eden space 11904K, 100% used [0xa4ca0000,0xa5840000,0xa5840000)
  from space 2752K, 0% used [0xa5880000,0xa5880000,0xa5b30000)
  to   space 4544K, 0% used [0xa5cb0000,0xa5cb0000,0xa6120000)
 ParOldGen       total 50304K, used 31429K [0x859f0000, 0x88b10000, 0xa4ca0000)
  object space 50304K, 62% used [0x859f0000,0x878a16b0,0x88b10000)
 PSPermGen       total 46592K, used 28214K [0x7d9f0000, 0x80770000, 0x859f0000)
  object space 46592K, 60% used [0x7d9f0000,0x7f57db10,0x80770000)
Event: 591.471 GC heap after
Heap after GC invocations=95 (full 5):
 PSYoungGen      total 16128K, used 3333K [0xa4ca0000, 0xa6180000, 0xb45f0000)
  eden space 11584K, 0% used [0xa4ca0000,0xa4ca0000,0xa57f0000)
  from space 4544K, 73% used [0xa5cb0000,0xa5ff16f0,0xa6120000)
  to   space 4864K, 0% used [0xa57f0000,0xa57f0000,0xa5cb0000)
 ParOldGen       total 50304K, used 31429K [0x859f0000, 0x88b10000, 0xa4ca0000)
  object space 50304K, 62% used [0x859f0000,0x878a16b0,0x88b10000)
 PSPermGen       total 46592K, used 28214K [0x7d9f0000, 0x80770000, 0x859f0000)
  object space 46592K, 60% used [0x7d9f0000,0x7f57db10,0x80770000)
}
Event: 598.432 GC heap before
{Heap before GC invocations=96 (full 5):
 PSYoungGen      total 16128K, used 14917K [0xa4ca0000, 0xa6180000, 0xb45f0000)
  eden space 11584K, 100% used [0xa4ca0000,0xa57f0000,0xa57f0000)
  from space 4544K, 73% used [0xa5cb0000,0xa5ff16f0,0xa6120000)
  to   space 4864K, 0% used [0xa57f0000,0xa57f0000,0xa5cb0000)
 ParOldGen       total 50304K, used 31429K [0x859f0000, 0x88b10000, 0xa4ca0000)
  object space 50304K, 62% used [0x859f0000,0x878a16b0,0x88b10000)
 PSPermGen       total 46592K, used 28220K [0x7d9f0000, 0x80770000, 0x859f0000)
  object space 46592K, 60% used [0x7d9f0000,0x7f57f2a0,0x80770000)
Event: 598.439 GC heap after
Heap after GC invocations=96 (full 5):
 PSYoungGen      total 11648K, used 299K [0xa4ca0000, 0xa6130000, 0xb45f0000)
  eden space 11328K, 0% used [0xa4ca0000,0xa4ca0000,0xa57b0000)
  from space 320K, 93% used [0xa57f0000,0xa583ae00,0xa5840000)
  to   space 4864K, 0% used [0xa5c70000,0xa5c70000,0xa6130000)
 ParOldGen       total 50304K, used 34623K [0x859f0000, 0x88b10000, 0xa4ca0000)
  object space 50304K, 68% used [0x859f0000,0x87bbfda0,0x88b10000)
 PSPermGen       total 46592K, used 28220K [0x7d9f0000, 0x80770000, 0x859f0000)
  object space 46592K, 60% used [0x7d9f0000,0x7f57f2a0,0x80770000)
}
Event: 598.642 GC heap before
{Heap before GC invocations=97 (full 5):
 PSYoungGen      total 11648K, used 11627K [0xa4ca0000, 0xa6130000, 0xb45f0000)
  eden space 11328K, 100% used [0xa4ca0000,0xa57b0000,0xa57b0000)
  from space 320K, 93% used [0xa57f0000,0xa583ae00,0xa5840000)
  to   space 4864K, 0% used [0xa5c70000,0xa5c70000,0xa6130000)
 ParOldGen       total 50304K, used 34623K [0x859f0000, 0x88b10000, 0xa4ca0000)
  object space 50304K, 68% used [0x859f0000,0x87bbfda0,0x88b10000)
 PSPermGen       total 46592K, used 28221K [0x7d9f0000, 0x80770000, 0x859f0000)
  object space 46592K, 60% used [0x7d9f0000,0x7f57f680,0x80770000)
Event: 598.647 GC heap after
Heap after GC invocations=97 (full 5):
 PSYoungGen      total 16320K, used 608K [0xa4ca0000, 0xa62f0000, 0xb45f0000)
  eden space 11456K, 0% used [0xa4ca0000,0xa4ca0000,0xa57d0000)
  from space 4864K, 12% used [0xa5c70000,0xa5d08000,0xa6130000)
  to   space 4736K, 0% used [0xa57d0000,0xa57d0000,0xa5c70000)
 ParOldGen       total 50304K, used 34842K [0x859f0000, 0x88b10000, 0xa4ca0000)
  object space 50304K, 69% used [0x859f0000,0x87bf6ba0,0x88b10000)
 PSPermGen       total 46592K, used 28221K [0x7d9f0000, 0x80770000, 0x859f0000)
  object space 46592K, 60% used [0x7d9f0000,0x7f57f680,0x80770000)
}
Event: 604.394 GC heap before
{Heap before GC invocations=98 (full 5):
 PSYoungGen      total 16320K, used 12064K [0xa4ca0000, 0xa62f0000, 0xb45f0000)
  eden space 11456K, 100% used [0xa4ca0000,0xa57d0000,0xa57d0000)
  from space 4864K, 12% used [0xa5c70000,0xa5d08000,0xa6130000)
  to   space 4736K, 0% used [0xa57d0000,0xa57d0000,0xa5c70000)
 ParOldGen       total 50304K, used 34842K [0x859f0000, 0x88b10000, 0xa4ca0000)
  object space 50304K, 69% used [0x859f0000,0x87bf6ba0,0x88b10000)
 PSPermGen       total 46592K, used 28224K [0x7d9f0000, 0x80770000, 0x859f0000)
  object space 46592K, 60% used [0x7d9f0000,0x7f580128,0x80770000)
Event: 604.402 GC heap after
Heap after GC invocations=98 (full 5):
 PSYoungGen      total 12288K, used 1024K [0xa4ca0000, 0xa6080000, 0xb45f0000)
  eden space 11264K, 0% used [0xa4ca0000,0xa4ca0000,0xa57a0000)
  from space 1024K, 100% used [0xa57d0000,0xa58d0000,0xa58d0000)
  to   space 4544K, 0% used [0xa5c10000,0xa5c10000,0xa6080000)
 ParOldGen       total 50304K, used 35390K [0x859f0000, 0x88b10000, 0xa4ca0000)
  object space 50304K, 70% used [0x859f0000,0x87c7fba0,0x88b10000)
 PSPermGen       total 46592K, used 28224K [0x7d9f0000, 0x80770000, 0x859f0000)
  object space 46592K, 60% used [0x7d9f0000,0x7f580128,0x80770000)
}
Event: 607.658 GC heap before
{Heap before GC invocations=99 (full 5):
 PSYoungGen      total 12288K, used 12288K [0xa4ca0000, 0xa6080000, 0xb45f0000)
  eden space 11264K, 100% used [0xa4ca0000,0xa57a0000,0xa57a0000)
  from space 1024K, 100% used [0xa57d0000,0xa58d0000,0xa58d0000)
  to   space 4544K, 0% used [0xa5c10000,0xa5c10000,0xa6080000)
 ParOldGen       total 50304K, used 35390K [0x859f0000, 0x88b10000, 0xa4ca0000)
  object space 50304K, 70% used [0x859f0000,0x87c7fba0,0x88b10000)
 PSPermGen       total 46592K, used 28226K [0x7d9f0000, 0x80770000, 0x859f0000)
  object space 46592K, 60% used [0x7d9f0000,0x7f580a50,0x80770000)
Event: 607.666 GC heap after
Heap after GC invocations=99 (full 5):
 PSYoungGen      total 15040K, used 1246K [0xa4ca0000, 0xa5ff0000, 0xb45f0000)
  eden space 11072K, 0% used [0xa4ca0000,0xa4ca0000,0xa5770000)
  from space 3968K, 31% used [0xa5c10000,0xa5d47a90,0xa5ff0000)
  to   space 4352K, 0% used [0xa5770000,0xa5770000,0xa5bb0000)
 ParOldGen       total 50304K, used 36257K [0x859f0000, 0x88b10000, 0xa4ca0000)
  object space 50304K, 72% used [0x859f0000,0x87d584b0,0x88b10000)
 PSPermGen       total 46592K, used 28226K [0x7d9f0000, 0x80770000, 0x859f0000)
  object space 46592K, 60% used [0x7d9f0000,0x7f580a50,0x80770000)
}

